<?xml version="1.0" encoding="UTF-8"?>
<testsuite xmlns:xsi="http://www.w3.org/2001/XMLSchema-instance" xsi:noNamespaceSchemaLocation="https://maven.apache.org/surefire/maven-surefire-plugin/xsd/surefire-test-report.xsd" name="com.stu.AppTest" time="0.023" tests="1" errors="0" skipped="0" failures="0">
  <properties>
    <property name="sun.desktop" value="windows"/>
    <property name="awt.toolkit" value="sun.awt.windows.WToolkit"/>
    <property name="file.encoding.pkg" value="sun.io"/>
    <property name="java.specification.version" value="1.8"/>
    <property name="sun.cpu.isalist" value="amd64"/>
    <property name="sun.jnu.encoding" value="GBK"/>
    <property name="java.class.path" value="E:\work_space\code\IDEA_SPACE\first-dubbo-service\provider\target\test-classes;E:\work_space\code\IDEA_SPACE\first-dubbo-service\provider\target\classes;E:\work_space\store\mavenStore\junit\junit\4.11\junit-4.11.jar;E:\work_space\store\mavenStore\org\hamcrest\hamcrest-core\1.3\hamcrest-core-1.3.jar;E:\work_space\store\mavenStore\com\alibaba\dubbo\2.6.3\dubbo-2.6.3.jar;E:\work_space\store\mavenStore\org\springframework\spring-context\4.3.16.RELEASE\spring-context-4.3.16.RELEASE.jar;E:\work_space\store\mavenStore\org\springframework\spring-aop\4.3.16.RELEASE\spring-aop-4.3.16.RELEASE.jar;E:\work_space\store\mavenStore\org\springframework\spring-beans\4.3.16.RELEASE\spring-beans-4.3.16.RELEASE.jar;E:\work_space\store\mavenStore\org\springframework\spring-core\4.3.16.RELEASE\spring-core-4.3.16.RELEASE.jar;E:\work_space\store\mavenStore\commons-logging\commons-logging\1.2\commons-logging-1.2.jar;E:\work_space\store\mavenStore\org\springframework\spring-expression\4.3.16.RELEASE\spring-expression-4.3.16.RELEASE.jar;E:\work_space\store\mavenStore\org\javassist\javassist\3.20.0-GA\javassist-3.20.0-GA.jar;E:\work_space\store\mavenStore\org\jboss\netty\netty\3.2.5.Final\netty-3.2.5.Final.jar;E:\work_space\code\IDEA_SPACE\first-dubbo-service\api\target\api-1.0-SNAPSHOT.jar;"/>
    <property name="java.vm.vendor" value="Oracle Corporation"/>
    <property name="sun.arch.data.model" value="64"/>
    <property name="user.variant" value=""/>
    <property name="java.vendor.url" value="http://java.oracle.com/"/>
    <property name="user.timezone" value="Asia/Shanghai"/>
    <property name="java.vm.specification.version" value="1.8"/>
    <property name="os.name" value="Windows 10"/>
    <property name="user.country" value="CN"/>
    <property name="sun.java.launcher" value="SUN_STANDARD"/>
    <property name="sun.boot.library.path" value="C:\Program Files\Java\jdk1.8.0_172\jre\bin"/>
    <property name="sun.java.command" value="C:\Users\N_J\AppData\Local\Temp\surefire177738254970109677\surefirebooter1790306409428743567.jar C:\Users\N_J\AppData\Local\Temp\surefire177738254970109677 2018-12-16T16-44-06_492-jvmRun1 surefire2325596103294370663tmp surefire_04134307194982039454tmp"/>
    <property name="surefire.test.class.path" value="E:\work_space\code\IDEA_SPACE\first-dubbo-service\provider\target\test-classes;E:\work_space\code\IDEA_SPACE\first-dubbo-service\provider\target\classes;E:\work_space\store\mavenStore\junit\junit\4.11\junit-4.11.jar;E:\work_space\store\mavenStore\org\hamcrest\hamcrest-core\1.3\hamcrest-core-1.3.jar;E:\work_space\store\mavenStore\com\alibaba\dubbo\2.6.3\dubbo-2.6.3.jar;E:\work_space\store\mavenStore\org\springframework\spring-context\4.3.16.RELEASE\spring-context-4.3.16.RELEASE.jar;E:\work_space\store\mavenStore\org\springframework\spring-aop\4.3.16.RELEASE\spring-aop-4.3.16.RELEASE.jar;E:\work_space\store\mavenStore\org\springframework\spring-beans\4.3.16.RELEASE\spring-beans-4.3.16.RELEASE.jar;E:\work_space\store\mavenStore\org\springframework\spring-core\4.3.16.RELEASE\spring-core-4.3.16.RELEASE.jar;E:\work_space\store\mavenStore\commons-logging\commons-logging\1.2\commons-logging-1.2.jar;E:\work_space\store\mavenStore\org\springframework\spring-expression\4.3.16.RELEASE\spring-expression-4.3.16.RELEASE.jar;E:\work_space\store\mavenStore\org\javassist\javassist\3.20.0-GA\javassist-3.20.0-GA.jar;E:\work_space\store\mavenStore\org\jboss\netty\netty\3.2.5.Final\netty-3.2.5.Final.jar;E:\work_space\code\IDEA_SPACE\first-dubbo-service\api\target\api-1.0-SNAPSHOT.jar;"/>
    <property name="sun.cpu.endian" value="little"/>
    <property name="user.home" value="C:\Users\N_J"/>
    <property name="user.language" value="zh"/>
    <property name="java.specification.vendor" value="Oracle Corporation"/>
    <property name="java.home" value="C:\Program Files\Java\jdk1.8.0_172\jre"/>
    <property name="basedir" value="E:\work_space\code\IDEA_SPACE\first-dubbo-service\provider"/>
    <property name="file.separator" value="\"/>
    <property name="line.separator" value="&#10;"/>
    <property name="java.vm.specification.vendor" value="Oracle Corporation"/>
    <property name="java.specification.name" value="Java Platform API Specification"/>
    <property name="java.awt.graphicsenv" value="sun.awt.Win32GraphicsEnvironment"/>
    <property name="surefire.real.class.path" value="C:\Users\N_J\AppData\Local\Temp\surefire177738254970109677\surefirebooter1790306409428743567.jar"/>
    <property name="sun.boot.class.path" value="C:\Program Files\Java\jdk1.8.0_172\jre\lib\resources.jar;C:\Program Files\Java\jdk1.8.0_172\jre\lib\rt.jar;C:\Program Files\Java\jdk1.8.0_172\jre\lib\sunrsasign.jar;C:\Program Files\Java\jdk1.8.0_172\jre\lib\jsse.jar;C:\Program Files\Java\jdk1.8.0_172\jre\lib\jce.jar;C:\Program Files\Java\jdk1.8.0_172\jre\lib\charsets.jar;C:\Program Files\Java\jdk1.8.0_172\jre\lib\jfr.jar;C:\Program Files\Java\jdk1.8.0_172\jre\classes"/>
    <property name="user.script" value=""/>
    <property name="sun.management.compiler" value="HotSpot 64-Bit Tiered Compilers"/>
    <property name="java.runtime.version" value="1.8.0_172-b11"/>
    <property name="user.name" value="N_J"/>
    <property name="path.separator" value=";"/>
    <property name="os.version" value="10.0"/>
    <property name="java.endorsed.dirs" value="C:\Program Files\Java\jdk1.8.0_172\jre\lib\endorsed"/>
    <property name="java.runtime.name" value="Java(TM) SE Runtime Environment"/>
    <property name="file.encoding" value="GBK"/>
    <property name="java.vm.name" value="Java HotSpot(TM) 64-Bit Server VM"/>
    <property name="localRepository" value="E:\work_space\store\mavenStore"/>
    <property name="java.vendor.url.bug" value="http://bugreport.sun.com/bugreport/"/>
    <property name="java.io.tmpdir" value="C:\Users\N_J\AppData\Local\Temp\"/>
    <property name="idea.version" value="2018.1.2"/>
    <property name="java.version" value="1.8.0_172"/>
    <property name="user.dir" value="E:\work_space\code\IDEA_SPACE\first-dubbo-service\provider"/>
    <property name="os.arch" value="amd64"/>
    <property name="java.vm.specification.name" value="Java Virtual Machine Specification"/>
    <property name="java.awt.printerjob" value="sun.awt.windows.WPrinterJob"/>
    <property name="sun.os.patch.level" value=""/>
    <property name="java.library.path" value="C:\Program Files\Java\jdk1.8.0_172\jre\bin;C:\WINDOWS\Sun\Java\bin;C:\WINDOWS\system32;C:\WINDOWS;C:\Program Files (x86)\Common Files\Oracle\Java\javapath;C:\Program Files\Java\jdk1.8.0_172\bin;D:\oracle\product\10.1.0\Db_2\bin;D:\oracle\product\10.1.0\Db_2\jre\1.4.2\bin\client;D:\oracle\product\10.1.0\Db_2\jre\1.4.2\bin;D:\oracle\product\10.1.0\Db_1\bin;D:\oracle\product\10.1.0\Db_1\jre\1.4.2\bin\client;D:\oracle\product\10.1.0\Db_1\jre\1.4.2\bin;C:\ProgramData\Oracle\Java\javapath;C:\WINDOWS\system32;C:\WINDOWS;C:\WINDOWS\System32\Wbem;C:\WINDOWS\System32\WindowsPowerShell\v1.0\;C:\Program Files\MySQL\MySQL Server 5.5\bin;C:\Program Files\Java\jdk1.8.0_101\bin;D:\A项目用软件\node\;C:\P;thon27;C:\Program Files (x86)\NVIDIA Corporation\PhysX\Common;C:\WINDOWS\system32;C:\WINDOWS;D:\A项目用软件\gradle-1.6\bin;C:\WINDOWS\System32\Wbem;C:\WINDOWS\System32\WindowsPowerShell\v1.0\;C:\WINDOWS\System32\OpenSSH\;D:\A项目用软件\apache-maven-3.5.3\bin\;D:\A项目用软件\Git\cmd;C:\Program Files\MySQL\MySQL Utilities 1.6\;C:\Users\N_J\AppData\Local\Programs\Python\Python37\Scripts\;C:\Users\N_J\AppData\Local\Programs\Python\Python37\;C:\Users\N_J\AppData\Local\Microsoft\WindowsApps;D:\A项目用软件\Microsoft VS Code\bin;C:\Users\N_J\AppData\Roaming\npm;D:\Bandizip\;C:\Users\N_J\AppData\Local\Programs\Python\Python37;;."/>
    <property name="java.vm.info" value="mixed mode"/>
    <property name="java.vendor" value="Oracle Corporation"/>
    <property name="java.vm.version" value="25.172-b11"/>
    <property name="java.ext.dirs" value="C:\Program Files\Java\jdk1.8.0_172\jre\lib\ext;C:\WINDOWS\Sun\Java\lib\ext"/>
    <property name="sun.io.unicode.encoding" value="UnicodeLittle"/>
    <property name="java.class.version" value="52.0"/>
  </properties>
  <testcase name="shouldAnswerWithTrue" classname="com.stu.AppTest" time="0.001"/>
</testsuite>